### length3
### DATASET:    standard_del
### PARTITIONS: 2
### TUPLES:     417
### BATCHES:    139
### BATCH SIZE: 3
### DISTRIBUTED INPUT: true
### EMIT RESULT AT : (13,27,41,55,69,83,97,111,125)
### PROCESSING START: 139
###   Batch 0: 631 ms
###   Batch 1: 196 ms
###   Batch 2: 182 ms
###   Batch 3: 177 ms
###   Batch 4: 192 ms
###   Batch 5: 151 ms
###   Batch 6: 189 ms
###   Batch 7: 148 ms
###   Batch 8: 161 ms
###   Batch 9: 172 ms
###   Batch 10: 150 ms
###   Batch 11: 138 ms
###   Batch 12: 138 ms
Current Progress = 9%
COUNT:
(10,13,15,17) -> 1
(7,13,15,17) -> 1

###   Batch 13: 147 ms
###   Batch 14: 184 ms
###   Batch 15: 126 ms
###   Batch 16: 141 ms
###   Batch 17: 122 ms
###   Batch 18: 153 ms
###   Batch 19: 134 ms
###   Batch 20: 151 ms
###   Batch 21: 126 ms
###   Batch 22: 125 ms
###   Batch 23: 111 ms
###   Batch 24: 116 ms
###   Batch 25: 133 ms
###   Batch 26: 162 ms
Current Progress = 19%
COUNT:
(1,12,15,17) -> 1
(1,4,16,17) -> 1
(1,4,7,13) -> 1
(1,4,7,17) -> 1
(1,4,7,18) -> 1
(2,8,15,17) -> 1
(3,12,15,17) -> 1
(5,12,15,17) -> 1

###   Batch 27: 114 ms
###   Batch 28: 131 ms
###   Batch 29: 133 ms
###   Batch 30: 122 ms
###   Batch 31: 109 ms
###   Batch 32: 150 ms
###   Batch 33: 114 ms
###   Batch 34: 114 ms
###   Batch 35: 108 ms
###   Batch 36: 113 ms
###   Batch 37: 108 ms
###   Batch 38: 118 ms
###   Batch 39: 135 ms
###   Batch 40: 207 ms
Current Progress = 29%
COUNT:
(1,12,15,17) -> 1
(1,4,16,17) -> 1
(1,4,16,19) -> 1
(1,4,6,10) -> 1
(1,4,6,13) -> 1
(1,4,6,16) -> 1
(1,4,6,18) -> 1
(1,4,7,13) -> 1
(1,4,7,17) -> 1
(1,4,7,18) -> 1
(1,4,7,19) -> 1
(3,12,15,17) -> 1
(3,4,16,17) -> 1
(3,4,16,19) -> 1
(3,4,6,10) -> 1
(3,4,6,13) -> 1
(3,4,6,16) -> 1
(3,4,6,18) -> 1
(3,4,7,13) -> 1
(3,4,7,17) -> 1
(3,4,7,18) -> 1
(3,4,7,19) -> 1
(4,6,10,13) -> 1
(4,6,10,17) -> 1
(4,6,16,17) -> 1
(4,6,16,19) -> 1
(5,12,15,17) -> 1

###   Batch 41: 114 ms
###   Batch 42: 122 ms
###   Batch 43: 126 ms
###   Batch 44: 111 ms
###   Batch 45: 103 ms
###   Batch 46: 110 ms
###   Batch 47: 105 ms
###   Batch 48: 115 ms
###   Batch 49: 83 ms
###   Batch 50: 81 ms
###   Batch 51: 87 ms
###   Batch 52: 93 ms
###   Batch 53: 91 ms
###   Batch 54: 87 ms
Current Progress = 39%
COUNT:
(1,3,11,13) -> 1
(1,3,11,16) -> 1
(1,3,12,15) -> 1
(1,3,14,17) -> 1
(1,3,14,18) -> 1
(1,3,16,17) -> 1
(1,3,16,19) -> 1
(1,3,4,16) -> 1
(1,3,4,5) -> 1
(1,3,4,6) -> 1
(1,3,4,7) -> 1
(1,3,4,9) -> 1
(1,4,16,17) -> 1
(1,4,16,19) -> 1
(1,4,5,10) -> 1
(1,4,5,12) -> 1
(1,4,5,15) -> 1
(1,4,5,16) -> 1
(1,4,6,10) -> 1
(1,4,6,13) -> 1
(1,4,6,16) -> 1
(1,4,6,18) -> 1
(1,4,7,13) -> 1
(1,4,7,18) -> 1
(1,4,9,15) -> 1
(1,4,9,16) -> 1
(3,11,16,17) -> 1
(3,11,16,19) -> 1
(3,4,16,17) -> 1
(3,4,16,19) -> 1
(3,4,5,10) -> 1
(3,4,5,12) -> 1
(3,4,5,15) -> 1
(3,4,5,16) -> 1
(3,4,6,10) -> 1
(3,4,6,13) -> 1
(3,4,6,16) -> 1
(3,4,6,18) -> 1
(3,4,7,13) -> 1
(3,4,7,18) -> 1
(3,4,9,15) -> 1
(3,4,9,16) -> 1
(4,5,10,13) -> 1
(4,5,10,14) -> 1
(4,5,10,17) -> 1
(4,5,10,19) -> 1
(4,5,12,15) -> 1
(4,5,16,17) -> 1
(4,5,16,19) -> 1
(4,6,10,13) -> 1
(4,6,10,14) -> 1
(4,6,10,17) -> 1
(4,6,10,19) -> 1
(4,6,16,17) -> 1
(4,6,16,19) -> 1
(4,9,16,17) -> 1
(4,9,16,19) -> 1
(5,10,14,17) -> 1
(5,10,14,18) -> 1
(6,10,14,17) -> 1
(6,10,14,18) -> 1

###   Batch 55: 79 ms
###   Batch 56: 112 ms
###   Batch 57: 258 ms
###   Batch 58: 91 ms
###   Batch 59: 85 ms
###   Batch 60: 81 ms
###   Batch 61: 82 ms
###   Batch 62: 97 ms
###   Batch 63: 101 ms
###   Batch 64: 84 ms
###   Batch 65: 82 ms
###   Batch 66: 87 ms
###   Batch 67: 122 ms
###   Batch 68: 83 ms
Current Progress = 49%
COUNT:
(0,8,14,17) -> 1
(0,8,14,18) -> 1
(1,12,14,17) -> 1
(1,12,14,18) -> 1
(1,3,10,13) -> 1
(1,3,10,14) -> 1
(1,3,10,17) -> 1
(1,3,10,19) -> 1
(1,3,11,13) -> 1
(1,3,11,15) -> 1
(1,3,11,16) -> 1
(1,3,12,14) -> 1
(1,3,12,15) -> 1
(1,3,14,17) -> 1
(1,3,14,18) -> 1
(1,3,16,17) -> 1
(1,3,16,19) -> 1
(1,3,4,16) -> 1
(1,3,4,6) -> 1
(1,3,4,7) -> 1
(1,3,4,9) -> 1
(1,3,6,10) -> 1
(1,3,6,13) -> 1
(1,3,6,16) -> 1
(1,3,6,17) -> 1
(1,3,6,18) -> 1
(1,4,16,17) -> 1
(1,4,16,19) -> 1
(1,4,6,10) -> 1
(1,4,6,13) -> 1
(1,4,6,16) -> 1
(1,4,6,17) -> 1
(1,4,6,18) -> 1
(1,4,7,13) -> 1
(1,4,7,16) -> 1
(1,4,7,18) -> 1
(1,4,9,15) -> 1
(1,4,9,16) -> 1
(10,13,14,17) -> 1
(10,13,14,18) -> 1
(10,14,18,19) -> 1
(11,13,14,17) -> 1
(11,13,14,18) -> 1
(12,14,18,19) -> 1
(13,14,18,19) -> 1
(2,10,13,14) -> 1
(2,10,14,17) -> 1
(2,10,14,18) -> 1
(3,10,13,14) -> 1
(3,10,14,17) -> 1
(3,10,14,18) -> 1
(3,11,13,14) -> 1
(3,11,16,17) -> 1
(3,11,16,19) -> 1
(3,12,14,17) -> 1
(3,12,14,18) -> 1
(3,14,18,19) -> 1
(3,4,16,17) -> 1
(3,4,16,19) -> 1
(3,4,6,10) -> 1
(3,4,6,13) -> 1
(3,4,6,16) -> 1
(3,4,6,17) -> 1
(3,4,6,18) -> 1
(3,4,7,13) -> 1
(3,4,7,16) -> 1
(3,4,7,18) -> 1
(3,4,9,15) -> 1
(3,4,9,16) -> 1
(3,6,10,13) -> 1
(3,6,10,14) -> 1
(3,6,10,17) -> 1
(3,6,10,19) -> 1
(3,6,13,14) -> 1
(3,6,16,17) -> 1
(3,6,16,19) -> 1
(3,6,18,19) -> 1
(4,6,10,13) -> 1
(4,6,10,14) -> 1
(4,6,10,17) -> 1
(4,6,10,19) -> 1
(4,6,13,14) -> 1
(4,6,16,17) -> 1
(4,6,16,19) -> 1
(4,6,18,19) -> 1
(4,7,13,14) -> 1
(4,7,16,17) -> 1
(4,7,16,19) -> 1
(4,7,18,19) -> 1
(4,9,16,17) -> 1
(4,9,16,19) -> 1
(5,10,13,14) -> 1
(5,10,14,17) -> 1
(5,10,14,18) -> 1
(5,8,14,17) -> 1
(5,8,14,18) -> 1
(6,10,13,14) -> 1
(6,10,14,17) -> 1
(6,10,14,18) -> 1
(6,13,14,17) -> 1
(6,13,14,18) -> 1
(7,13,14,17) -> 1
(7,13,14,18) -> 1
(8,14,18,19) -> 1

###   Batch 69: 88 ms
###   Batch 70: 90 ms
###   Batch 71: 151 ms
###   Batch 72: 89 ms
###   Batch 73: 74 ms
###   Batch 74: 77 ms
###   Batch 75: 79 ms
###   Batch 76: 71 ms
###   Batch 77: 103 ms
###   Batch 78: 148 ms
###   Batch 79: 104 ms
###   Batch 80: 84 ms
###   Batch 81: 88 ms
###   Batch 82: 112 ms
Current Progress = 59%
COUNT:
(0,8,12,14) -> 1
(0,8,12,15) -> 1
(0,8,14,17) -> 1
(0,8,14,18) -> 1
(0,8,18,19) -> 1
(1,12,14,17) -> 1
(1,12,14,18) -> 1
(1,3,10,13) -> 1
(1,3,11,13) -> 1
(1,3,11,15) -> 1
(1,3,11,16) -> 1
(1,3,12,14) -> 1
(1,3,12,15) -> 1
(1,3,14,17) -> 1
(1,3,14,18) -> 1
(1,3,16,17) -> 1
(1,3,16,19) -> 1
(1,3,4,10) -> 1
(1,3,4,11) -> 1
(1,3,4,16) -> 1
(1,3,4,6) -> 1
(1,3,4,7) -> 1
(1,3,4,9) -> 1
(1,3,6,13) -> 1
(1,3,6,16) -> 1
(1,3,6,17) -> 1
(1,3,6,18) -> 1
(1,4,10,13) -> 1
(1,4,11,13) -> 1
(1,4,11,15) -> 1
(1,4,11,16) -> 1
(1,4,16,17) -> 1
(1,4,16,19) -> 1
(1,4,6,13) -> 1
(1,4,6,16) -> 1
(1,4,6,17) -> 1
(1,4,6,18) -> 1
(1,4,7,13) -> 1
(1,4,7,16) -> 1
(1,4,7,18) -> 1
(1,4,9,13) -> 1
(1,4,9,15) -> 1
(1,4,9,16) -> 1
(1,5,10,13) -> 1
(1,5,16,17) -> 1
(1,5,16,19) -> 1
(1,5,8,12) -> 1
(1,5,8,14) -> 1
(1,5,8,15) -> 1
(1,5,8,17) -> 1
(1,5,8,18) -> 1
(1,5,8,19) -> 1
(10,13,14,17) -> 1
(10,13,14,18) -> 1
(11,13,14,17) -> 1
(11,13,14,18) -> 1
(12,14,18,19) -> 1
(13,14,18,19) -> 1
(2,10,13,14) -> 1
(2,14,18,19) -> 1
(2,7,13,14) -> 1
(2,7,16,17) -> 1
(2,7,16,19) -> 1
(2,7,18,19) -> 1
(3,10,13,14) -> 1
(3,11,13,14) -> 1
(3,11,16,17) -> 1
(3,11,16,19) -> 1
(3,12,14,17) -> 1
(3,12,14,18) -> 1
(3,14,18,19) -> 1
(3,4,10,13) -> 1
(3,4,11,13) -> 1
(3,4,11,15) -> 1
(3,4,11,16) -> 1
(3,4,16,17) -> 1
(3,4,16,19) -> 1
(3,4,6,13) -> 1
(3,4,6,16) -> 1
(3,4,6,17) -> 1
(3,4,6,18) -> 1
(3,4,7,13) -> 1
(3,4,7,16) -> 1
(3,4,7,18) -> 1
(3,4,9,13) -> 1
(3,4,9,15) -> 1
(3,4,9,16) -> 1
(3,6,13,14) -> 1
(3,6,16,17) -> 1
(3,6,16,19) -> 1
(3,6,18,19) -> 1
(4,10,13,14) -> 1
(4,11,13,14) -> 1
(4,11,16,17) -> 1
(4,11,16,19) -> 1
(4,6,13,14) -> 1
(4,6,16,17) -> 1
(4,6,16,19) -> 1
(4,6,18,19) -> 1
(4,7,13,14) -> 1
(4,7,16,17) -> 1
(4,7,16,19) -> 1
(4,7,18,19) -> 1
(4,9,13,14) -> 1
(4,9,16,17) -> 1
(4,9,16,19) -> 1
(5,10,13,14) -> 1
(5,8,12,14) -> 1
(5,8,12,15) -> 1
(5,8,14,17) -> 1
(5,8,14,18) -> 1
(5,8,18,19) -> 1
(6,13,14,17) -> 1
(6,13,14,18) -> 1
(7,13,14,17) -> 1
(7,13,14,18) -> 1
(8,12,14,17) -> 1
(8,12,14,18) -> 1
(8,14,18,19) -> 1
(9,13,14,17) -> 1
(9,13,14,18) -> 1

###   Batch 83: 99 ms
###   Batch 84: 114 ms
###   Batch 85: 96 ms
###   Batch 86: 78 ms
###   Batch 87: 76 ms
###   Batch 88: 87 ms
###   Batch 89: 81 ms
###   Batch 90: 125 ms
###   Batch 91: 113 ms
###   Batch 92: 96 ms
###   Batch 93: 82 ms
###   Batch 94: 86 ms
###   Batch 95: 80 ms
###   Batch 96: 84 ms
Current Progress = 69%
COUNT:
(0,8,12,14) -> 1
(0,8,12,15) -> 1
(0,8,14,17) -> 1
(0,8,14,18) -> 1
(0,8,18,19) -> 1
(1,12,14,17) -> 1
(1,12,14,18) -> 1
(1,3,10,13) -> 1
(1,3,12,14) -> 1
(1,3,12,15) -> 1
(1,3,14,17) -> 1
(1,3,14,18) -> 1
(1,3,16,17) -> 1
(1,3,16,19) -> 1
(1,3,4,10) -> 1
(1,3,4,11) -> 1
(1,3,4,14) -> 1
(1,3,4,16) -> 1
(1,3,4,6) -> 1
(1,3,4,7) -> 1
(1,3,4,8) -> 1
(1,3,4,9) -> 1
(1,3,6,13) -> 1
(1,3,6,15) -> 1
(1,3,6,17) -> 1
(1,3,6,18) -> 1
(1,4,10,13) -> 1
(1,4,11,13) -> 1
(1,4,11,16) -> 1
(1,4,14,17) -> 1
(1,4,14,18) -> 1
(1,4,16,17) -> 1
(1,4,16,19) -> 1
(1,4,6,13) -> 1
(1,4,6,15) -> 1
(1,4,6,17) -> 1
(1,4,6,18) -> 1
(1,4,7,13) -> 1
(1,4,7,16) -> 1
(1,4,8,12) -> 1
(1,4,8,14) -> 1
(1,4,8,15) -> 1
(1,4,8,17) -> 1
(1,4,8,18) -> 1
(1,4,8,19) -> 1
(1,4,9,16) -> 1
(1,5,10,13) -> 1
(1,5,14,17) -> 1
(1,5,14,18) -> 1
(1,5,16,17) -> 1
(1,5,16,19) -> 1
(1,5,8,12) -> 1
(1,5,8,14) -> 1
(1,5,8,15) -> 1
(1,5,8,17) -> 1
(1,5,8,18) -> 1
(1,5,8,19) -> 1
(10,13,14,17) -> 1
(10,13,14,18) -> 1
(11,13,14,17) -> 1
(11,13,14,18) -> 1
(12,14,18,19) -> 1
(13,14,18,19) -> 1
(2,14,18,19) -> 1
(2,7,13,14) -> 1
(2,7,16,17) -> 1
(2,7,16,19) -> 1
(2,9,16,17) -> 1
(2,9,16,19) -> 1
(3,10,13,14) -> 1
(3,12,14,17) -> 1
(3,12,14,18) -> 1
(3,14,18,19) -> 1
(3,4,10,13) -> 1
(3,4,11,13) -> 1
(3,4,11,16) -> 1
(3,4,14,17) -> 1
(3,4,14,18) -> 1
(3,4,16,17) -> 1
(3,4,16,19) -> 1
(3,4,6,13) -> 1
(3,4,6,15) -> 1
(3,4,6,17) -> 1
(3,4,6,18) -> 1
(3,4,7,13) -> 1
(3,4,7,16) -> 1
(3,4,8,12) -> 1
(3,4,8,14) -> 1
(3,4,8,15) -> 1
(3,4,8,17) -> 1
(3,4,8,18) -> 1
(3,4,8,19) -> 1
(3,4,9,16) -> 1
(3,6,13,14) -> 1
(3,6,18,19) -> 1
(4,10,13,14) -> 1
(4,11,13,14) -> 1
(4,11,16,17) -> 1
(4,11,16,19) -> 1
(4,14,18,19) -> 1
(4,6,13,14) -> 1
(4,6,18,19) -> 1
(4,7,13,14) -> 1
(4,7,16,17) -> 1
(4,7,16,19) -> 1
(4,8,12,14) -> 1
(4,8,12,15) -> 1
(4,8,14,17) -> 1
(4,8,14,18) -> 1
(4,8,18,19) -> 1
(4,9,16,17) -> 1
(4,9,16,19) -> 1
(5,10,13,14) -> 1
(5,14,18,19) -> 1
(5,8,12,14) -> 1
(5,8,12,15) -> 1
(5,8,14,17) -> 1
(5,8,14,18) -> 1
(5,8,18,19) -> 1
(6,13,14,17) -> 1
(6,13,14,18) -> 1
(7,13,14,17) -> 1
(7,13,14,18) -> 1
(8,12,14,17) -> 1
(8,12,14,18) -> 1
(8,14,18,19) -> 1

###   Batch 97: 91 ms
###   Batch 98: 118 ms
###   Batch 99: 95 ms
###   Batch 100: 85 ms
###   Batch 101: 80 ms
###   Batch 102: 128 ms
###   Batch 103: 221 ms
###   Batch 104: 83 ms
###   Batch 105: 91 ms
###   Batch 106: 75 ms
###   Batch 107: 87 ms
###   Batch 108: 71 ms
###   Batch 109: 104 ms
###   Batch 110: 126 ms
Current Progress = 79%
COUNT:
(0,8,12,14) -> 1
(0,8,12,15) -> 1
(0,8,14,17) -> 1
(0,8,14,18) -> 1
(0,8,18,19) -> 1
(1,16,18,19) -> 1
(1,4,10,11) -> 1
(1,4,10,13) -> 1
(1,4,10,18) -> 1
(1,4,11,13) -> 1
(1,4,11,16) -> 1
(1,4,14,17) -> 1
(1,4,14,18) -> 1
(1,4,16,17) -> 1
(1,4,16,18) -> 1
(1,4,16,19) -> 1
(1,4,6,13) -> 1
(1,4,6,14) -> 1
(1,4,6,15) -> 1
(1,4,6,17) -> 1
(1,4,6,18) -> 1
(1,4,7,13) -> 1
(1,4,7,16) -> 1
(1,4,8,12) -> 1
(1,4,8,14) -> 1
(1,4,8,17) -> 1
(1,4,8,18) -> 1
(1,4,8,19) -> 1
(1,4,9,16) -> 1
(1,5,10,11) -> 1
(1,5,10,13) -> 1
(1,5,10,18) -> 1
(1,5,14,17) -> 1
(1,5,14,18) -> 1
(1,5,16,17) -> 1
(1,5,16,18) -> 1
(1,5,16,19) -> 1
(1,5,7,13) -> 1
(1,5,7,16) -> 1
(1,5,8,12) -> 1
(1,5,8,14) -> 1
(1,5,8,17) -> 1
(1,5,8,18) -> 1
(1,5,8,19) -> 1
(1,5,9,16) -> 1
(10,11,13,14) -> 1
(10,11,13,16) -> 1
(10,11,16,17) -> 1
(10,11,16,18) -> 1
(10,11,16,19) -> 1
(10,13,14,17) -> 1
(10,13,14,18) -> 1
(10,13,16,17) -> 1
(10,13,16,18) -> 1
(10,13,16,19) -> 1
(11,13,14,17) -> 1
(11,13,14,18) -> 1
(11,13,16,17) -> 1
(11,13,16,18) -> 1
(11,13,16,19) -> 1
(11,16,18,19) -> 1
(12,14,18,19) -> 1
(13,14,18,19) -> 1
(13,16,18,19) -> 1
(2,14,18,19) -> 1
(2,16,18,19) -> 1
(2,7,13,14) -> 1
(2,7,13,16) -> 1
(2,7,16,17) -> 1
(2,7,16,18) -> 1
(2,7,16,19) -> 1
(2,9,16,17) -> 1
(2,9,16,18) -> 1
(2,9,16,19) -> 1
(3,10,11,13) -> 1
(3,10,11,16) -> 1
(3,10,13,14) -> 1
(3,10,13,16) -> 1
(3,10,18,19) -> 1
(3,12,14,17) -> 1
(3,12,14,18) -> 1
(3,14,18,19) -> 1
(3,16,18,19) -> 1
(3,6,13,14) -> 1
(3,6,13,16) -> 1
(3,6,14,17) -> 1
(3,6,14,18) -> 1
(3,6,18,19) -> 1
(4,10,11,13) -> 1
(4,10,11,16) -> 1
(4,10,13,14) -> 1
(4,10,13,16) -> 1
(4,10,18,19) -> 1
(4,11,13,14) -> 1
(4,11,13,16) -> 1
(4,11,16,17) -> 1
(4,11,16,18) -> 1
(4,11,16,19) -> 1
(4,14,18,19) -> 1
(4,16,18,19) -> 1
(4,6,13,14) -> 1
(4,6,13,16) -> 1
(4,6,14,17) -> 1
(4,6,14,18) -> 1
(4,6,18,19) -> 1
(4,7,13,14) -> 1
(4,7,13,16) -> 1
(4,7,16,17) -> 1
(4,7,16,18) -> 1
(4,7,16,19) -> 1
(4,8,12,14) -> 1
(4,8,12,15) -> 1
(4,8,14,17) -> 1
(4,8,14,18) -> 1
(4,8,18,19) -> 1
(4,9,16,17) -> 1
(4,9,16,18) -> 1
(4,9,16,19) -> 1
(5,10,11,13) -> 1
(5,10,11,16) -> 1
(5,10,13,14) -> 1
(5,10,13,16) -> 1
(5,10,18,19) -> 1
(5,14,18,19) -> 1
(5,16,18,19) -> 1
(5,7,13,14) -> 1
(5,7,13,16) -> 1
(5,7,16,17) -> 1
(5,7,16,18) -> 1
(5,7,16,19) -> 1
(5,8,12,14) -> 1
(5,8,12,15) -> 1
(5,8,14,17) -> 1
(5,8,14,18) -> 1
(5,8,18,19) -> 1
(5,9,16,17) -> 1
(5,9,16,18) -> 1
(5,9,16,19) -> 1
(6,13,14,17) -> 1
(6,13,14,18) -> 1
(6,13,16,17) -> 1
(6,13,16,18) -> 1
(6,13,16,19) -> 1
(6,14,18,19) -> 1
(7,13,14,17) -> 1
(7,13,14,18) -> 1
(7,13,16,17) -> 1
(7,13,16,18) -> 1
(7,13,16,19) -> 1
(7,16,18,19) -> 1
(8,12,14,17) -> 1
(8,12,14,18) -> 1
(8,14,18,19) -> 1
(9,16,18,19) -> 1

###   Batch 111: 113 ms
###   Batch 112: 96 ms
###   Batch 113: 72 ms
###   Batch 114: 85 ms
###   Batch 115: 86 ms
###   Batch 116: 79 ms
###   Batch 117: 140 ms
###   Batch 118: 72 ms
###   Batch 119: 85 ms
###   Batch 120: 107 ms
###   Batch 121: 101 ms
###   Batch 122: 115 ms
###   Batch 123: 72 ms
###   Batch 124: 76 ms
Current Progress = 89%
COUNT:
(0,8,10,11) -> 1
(0,8,10,13) -> 1
(0,8,12,14) -> 1
(0,8,12,15) -> 1
(0,8,14,17) -> 1
(0,8,14,18) -> 1
(0,8,18,19) -> 1
(1,16,18,19) -> 1
(1,4,11,13) -> 1
(1,4,11,16) -> 1
(1,4,14,17) -> 1
(1,4,14,18) -> 1
(1,4,7,13) -> 1
(1,4,7,16) -> 1
(1,4,8,10) -> 1
(1,4,8,12) -> 1
(1,4,8,14) -> 1
(1,4,8,17) -> 1
(1,4,8,18) -> 1
(1,4,8,19) -> 1
(1,4,9,16) -> 1
(1,5,10,11) -> 1
(1,5,10,13) -> 1
(1,5,14,17) -> 1
(1,5,14,18) -> 1
(1,5,16,17) -> 1
(1,5,16,18) -> 1
(1,5,16,19) -> 1
(1,5,9,16) -> 1
(10,11,13,16) -> 1
(10,11,13,19) -> 1
(10,11,16,17) -> 1
(10,11,16,18) -> 1
(10,11,16,19) -> 1
(10,13,16,17) -> 1
(10,13,16,18) -> 1
(10,13,16,19) -> 1
(11,13,16,17) -> 1
(11,13,16,18) -> 1
(11,13,16,19) -> 1
(11,16,18,19) -> 1
(12,14,18,19) -> 1
(13,16,18,19) -> 1
(2,14,18,19) -> 1
(2,9,16,17) -> 1
(2,9,16,18) -> 1
(2,9,16,19) -> 1
(3,10,11,13) -> 1
(3,10,11,16) -> 1
(3,10,13,16) -> 1
(3,10,13,19) -> 1
(3,12,14,17) -> 1
(3,12,14,18) -> 1
(3,14,18,19) -> 1
(3,16,18,19) -> 1
(3,6,13,16) -> 1
(3,6,13,19) -> 1
(3,6,14,17) -> 1
(3,6,14,18) -> 1
(3,6,18,19) -> 1
(4,11,13,16) -> 1
(4,11,13,19) -> 1
(4,11,16,17) -> 1
(4,11,16,18) -> 1
(4,11,16,19) -> 1
(4,14,18,19) -> 1
(4,7,13,16) -> 1
(4,7,13,19) -> 1
(4,7,16,17) -> 1
(4,7,16,18) -> 1
(4,7,16,19) -> 1
(4,8,10,11) -> 1
(4,8,10,13) -> 1
(4,8,12,14) -> 1
(4,8,12,15) -> 1
(4,8,14,17) -> 1
(4,8,14,18) -> 1
(4,8,18,19) -> 1
(4,9,16,17) -> 1
(4,9,16,18) -> 1
(4,9,16,19) -> 1
(5,10,11,13) -> 1
(5,10,11,16) -> 1
(5,10,13,16) -> 1
(5,10,13,19) -> 1
(5,14,18,19) -> 1
(5,16,18,19) -> 1
(5,9,16,17) -> 1
(5,9,16,18) -> 1
(5,9,16,19) -> 1
(6,13,16,17) -> 1
(6,13,16,18) -> 1
(6,13,16,19) -> 1
(6,14,18,19) -> 1
(7,13,16,17) -> 1
(7,13,16,18) -> 1
(7,13,16,19) -> 1
(7,16,18,19) -> 1
(8,10,11,13) -> 1
(8,10,11,16) -> 1
(8,10,13,16) -> 1
(8,10,13,19) -> 1
(8,12,14,17) -> 1
(8,12,14,18) -> 1
(8,14,18,19) -> 1
(9,16,18,19) -> 1

###   Batch 125: 98 ms
###   Batch 126: 88 ms
###   Batch 127: 75 ms
###   Batch 128: 75 ms
###   Batch 129: 78 ms
###   Batch 130: 82 ms
###   Batch 131: 135 ms
###   Batch 132: 140 ms
###   Batch 133: 161 ms
###   Batch 134: 78 ms
###   Batch 135: 70 ms
###   Batch 136: 73 ms
###   Batch 137: 69 ms
###   Batch 138: 74 ms
###   Running time: 15978 ms
###   Total time (running + hsync): 16649 ms
### PROCESSING END
COUNT:
(0,8,10,13) -> 1
(0,8,14,17) -> 1
(0,8,14,18) -> 1
(0,8,18,19) -> 1
(1,4,11,13) -> 1
(1,4,11,16) -> 1
(1,4,14,17) -> 1
(1,4,14,18) -> 1
(1,4,7,13) -> 1
(1,4,7,16) -> 1
(1,4,9,16) -> 1
(1,5,10,13) -> 1
(1,5,14,17) -> 1
(1,5,14,18) -> 1
(1,5,16,17) -> 1
(1,5,16,19) -> 1
(10,13,16,17) -> 1
(10,13,16,19) -> 1
(11,13,16,17) -> 1
(11,13,16,19) -> 1
(2,14,18,19) -> 1
(3,14,18,19) -> 1
(3,6,13,16) -> 1
(3,6,18,19) -> 1
(4,11,13,16) -> 1
(4,11,16,17) -> 1
(4,11,16,19) -> 1
(4,14,18,19) -> 1
(4,7,13,16) -> 1
(4,7,16,17) -> 1
(4,7,16,19) -> 1
(4,9,16,17) -> 1
(4,9,16,19) -> 1
(5,10,13,16) -> 1
(5,14,18,19) -> 1
(6,13,16,17) -> 1
(6,13,16,19) -> 1
(7,13,16,17) -> 1
(7,13,16,19) -> 1
(8,10,13,16) -> 1
(8,14,18,19) -> 1