### length3
### DATASET:    standard_del
### PARTITIONS: 2
### TUPLES:     552
### BATCHES:    184
### BATCH SIZE: 3
### DISTRIBUTED INPUT: true
### EMIT RESULT AT : (18,36,55,73,92,110,128,147,165)
### PROCESSING START: 184
###   Batch 0: 307 ms
###   Batch 1: 180 ms
###   Batch 2: 174 ms
###   Batch 3: 180 ms
###   Batch 4: 195 ms
###   Batch 5: 201 ms
###   Batch 6: 167 ms
###   Batch 7: 165 ms
###   Batch 8: 165 ms
###   Batch 9: 176 ms
###   Batch 10: 162 ms
###   Batch 11: 139 ms
###   Batch 12: 144 ms
###   Batch 13: 148 ms
###   Batch 14: 138 ms
###   Batch 15: 131 ms
###   Batch 16: 167 ms
###   Batch 17: 138 ms
Current Progress = 9%
COUNT:
(0,10,14,15) -> 1
(0,7,10,14) -> 1
(0,7,10,18) -> 1
(10,14,15,16) -> 1
(10,14,15,17) -> 1
(6,11,12,17) -> 1
(7,10,14,15) -> 1

###   Batch 18: 136 ms
###   Batch 19: 168 ms
###   Batch 20: 127 ms
###   Batch 21: 126 ms
###   Batch 22: 152 ms
###   Batch 23: 124 ms
###   Batch 24: 114 ms
###   Batch 25: 116 ms
###   Batch 26: 123 ms
###   Batch 27: 118 ms
###   Batch 28: 114 ms
###   Batch 29: 143 ms
###   Batch 30: 109 ms
###   Batch 31: 123 ms
###   Batch 32: 124 ms
###   Batch 33: 118 ms
###   Batch 34: 111 ms
###   Batch 35: 112 ms
Current Progress = 19%
COUNT:
(0,10,14,19) -> 1
(0,2,8,14) -> 1
(0,2,8,15) -> 1
(0,7,10,14) -> 1
(1,2,8,14) -> 1
(1,2,8,15) -> 1
(2,8,14,19) -> 1
(2,8,15,16) -> 1
(4,7,10,14) -> 1
(4,8,14,19) -> 1
(4,8,15,16) -> 1
(7,10,14,19) -> 1
(9,10,14,19) -> 1

###   Batch 36: 133 ms
###   Batch 37: 196 ms
###   Batch 38: 113 ms
###   Batch 39: 115 ms
###   Batch 40: 107 ms
###   Batch 41: 106 ms
###   Batch 42: 101 ms
###   Batch 43: 113 ms
###   Batch 44: 107 ms
###   Batch 45: 118 ms
###   Batch 46: 89 ms
###   Batch 47: 93 ms
###   Batch 48: 90 ms
###   Batch 49: 79 ms
###   Batch 50: 84 ms
###   Batch 51: 77 ms
###   Batch 52: 79 ms
###   Batch 53: 90 ms
###   Batch 54: 184 ms
Current Progress = 29%
COUNT:
(0,2,17,18) -> 1
(1,2,17,18) -> 1

###   Batch 55: 86 ms
###   Batch 56: 84 ms
###   Batch 57: 111 ms
###   Batch 58: 86 ms
###   Batch 59: 78 ms
###   Batch 60: 108 ms
###   Batch 61: 81 ms
###   Batch 62: 90 ms
###   Batch 63: 88 ms
###   Batch 64: 152 ms
###   Batch 65: 80 ms
###   Batch 66: 84 ms
###   Batch 67: 83 ms
###   Batch 68: 77 ms
###   Batch 69: 76 ms
###   Batch 70: 74 ms
###   Batch 71: 89 ms
###   Batch 72: 109 ms
Current Progress = 39%
COUNT:
(0,2,17,18) -> 1

###   Batch 73: 159 ms
###   Batch 74: 187 ms
###   Batch 75: 169 ms
###   Batch 76: 96 ms
###   Batch 77: 83 ms
###   Batch 78: 98 ms
###   Batch 79: 114 ms
###   Batch 80: 109 ms
###   Batch 81: 97 ms
###   Batch 82: 102 ms
###   Batch 83: 86 ms
###   Batch 84: 87 ms
###   Batch 85: 85 ms
###   Batch 86: 125 ms
###   Batch 87: 82 ms
###   Batch 88: 82 ms
###   Batch 89: 78 ms
###   Batch 90: 83 ms
###   Batch 91: 74 ms
Current Progress = 50%
COUNT:
(0,4,12,18) -> 1

###   Batch 92: 74 ms
###   Batch 93: 105 ms
###   Batch 94: 101 ms
###   Batch 95: 72 ms
###   Batch 96: 86 ms
###   Batch 97: 89 ms
###   Batch 98: 133 ms
###   Batch 99: 117 ms
###   Batch 100: 163 ms
###   Batch 101: 99 ms
###   Batch 102: 90 ms
###   Batch 103: 88 ms
###   Batch 104: 79 ms
###   Batch 105: 96 ms
###   Batch 106: 101 ms
###   Batch 107: 95 ms
###   Batch 108: 84 ms
###   Batch 109: 98 ms
Current Progress = 59%
COUNT:
(0,4,12,18) -> 1
(0,8,10,13) -> 1
(0,9,12,18) -> 1
(1,8,10,13) -> 1
(5,9,12,18) -> 1
(7,9,12,18) -> 1

###   Batch 110: 92 ms
###   Batch 111: 91 ms
###   Batch 112: 107 ms
###   Batch 113: 103 ms
###   Batch 114: 128 ms
###   Batch 115: 81 ms
###   Batch 116: 70 ms
###   Batch 117: 83 ms
###   Batch 118: 79 ms
###   Batch 119: 87 ms
###   Batch 120: 119 ms
###   Batch 121: 88 ms
###   Batch 122: 98 ms
###   Batch 123: 107 ms
###   Batch 124: 93 ms
###   Batch 125: 96 ms
###   Batch 126: 103 ms
###   Batch 127: 97 ms
Current Progress = 69%
COUNT:
(1,8,10,13) -> 1
(1,8,9,12) -> 1
(1,8,9,19) -> 1
(10,13,16,17) -> 1
(11,13,16,17) -> 1
(6,8,10,13) -> 1
(6,8,9,12) -> 1
(6,8,9,19) -> 1
(8,10,13,16) -> 1

###   Batch 128: 104 ms
###   Batch 129: 230 ms
###   Batch 130: 101 ms
###   Batch 131: 82 ms
###   Batch 132: 82 ms
###   Batch 133: 84 ms
###   Batch 134: 83 ms
###   Batch 135: 82 ms
###   Batch 136: 74 ms
###   Batch 137: 71 ms
###   Batch 138: 71 ms
###   Batch 139: 69 ms
###   Batch 140: 66 ms
###   Batch 141: 70 ms
###   Batch 142: 71 ms
###   Batch 143: 67 ms
###   Batch 144: 73 ms
###   Batch 145: 117 ms
###   Batch 146: 100 ms
Current Progress = 79%
COUNT:
(0,1,18,19) -> 1
(11,13,16,17) -> 1
(6,8,9,17) -> 1

###   Batch 147: 67 ms
###   Batch 148: 70 ms
###   Batch 149: 90 ms
###   Batch 150: 104 ms
###   Batch 151: 71 ms
###   Batch 152: 75 ms
###   Batch 153: 68 ms
###   Batch 154: 69 ms
###   Batch 155: 88 ms
###   Batch 156: 71 ms
###   Batch 157: 71 ms
###   Batch 158: 70 ms
###   Batch 159: 81 ms
###   Batch 160: 93 ms
###   Batch 161: 89 ms
###   Batch 162: 136 ms
###   Batch 163: 87 ms
###   Batch 164: 78 ms
Current Progress = 89%
COUNT:
(0,1,18,19) -> 1
(13,16,18,19) -> 1
(14,16,18,19) -> 1
(2,7,14,16) -> 1
(5,14,16,18) -> 1
(7,14,16,18) -> 1

###   Batch 165: 70 ms
###   Batch 166: 106 ms
###   Batch 167: 120 ms
###   Batch 168: 65 ms
###   Batch 169: 73 ms
###   Batch 170: 78 ms
###   Batch 171: 77 ms
###   Batch 172: 75 ms
###   Batch 173: 71 ms
###   Batch 174: 68 ms
###   Batch 175: 77 ms
###   Batch 176: 79 ms
###   Batch 177: 73 ms
###   Batch 178: 123 ms
###   Batch 179: 71 ms
###   Batch 180: 66 ms
###   Batch 181: 79 ms
###   Batch 182: 77 ms
###   Batch 183: 107 ms
###   Running time: 19361 ms
###   Total time (running + hsync): 20114 ms
### PROCESSING END
COUNT: